0 verbose cli C:\Program Files\nodejs\node.exe C:\Program Files\nodejs\node_modules\npm\bin\npm-cli.js
1 info using npm@10.9.2
2 info using node@v22.14.0
3 silly config load:file:C:\Program Files\nodejs\node_modules\npm\npmrc
4 silly config load:file:C:\Users\rafae\OneDrive\Desktop\Rafael\Desenvolvimento\LandingPage Lompa\.npmrc
5 silly config load:file:C:\Users\rafae\.npmrc
6 silly config load:file:C:\Users\rafae\AppData\Roaming\npm\etc\npmrc
7 verbose title npm install
8 verbose argv "install"
9 verbose logfile logs-max:10 dir:C:\Users\rafae\OneDrive\Desktop\Rafael\Desenvolvimento\LandingPage Lompa\.npm\_logs\2025-04-14T23_18_09_073Z-
10 verbose logfile C:\Users\rafae\OneDrive\Desktop\Rafael\Desenvolvimento\LandingPage Lompa\.npm\_logs\2025-04-14T23_18_09_073Z-debug-0.log
11 silly logfile start cleaning logs, removing 1 files
12 silly packumentCache heap:4345298944 maxSize:1086324736 maxEntrySize:543162368
13 silly logfile done cleaning log files
14 silly idealTree buildDeps
15 silly reify moves {}
16 silly audit bulk request {
16 silly audit   '@alloc/quick-lru': [ '5.2.0' ],
16 silly audit   '@babel/runtime': [ '7.27.0' ],
16 silly audit   '@isaacs/cliui': [ '8.0.2' ],
16 silly audit   '@jridgewell/gen-mapping': [ '0.3.8' ],
16 silly audit   '@jridgewell/resolve-uri': [ '3.1.2' ],
16 silly audit   '@jridgewell/set-array': [ '1.2.1' ],
16 silly audit   '@jridgewell/sourcemap-codec': [ '1.5.0' ],
16 silly audit   '@jridgewell/trace-mapping': [ '0.3.25' ],
16 silly audit   '@next/env': [ '14.2.28' ],
16 silly audit   '@next/swc-darwin-arm64': [ '14.2.28' ],
16 silly audit   '@next/swc-darwin-x64': [ '14.2.28' ],
16 silly audit   '@next/swc-linux-arm64-gnu': [ '14.2.28' ],
16 silly audit   '@next/swc-linux-arm64-musl': [ '14.2.28' ],
16 silly audit   '@next/swc-linux-x64-gnu': [ '14.2.28' ],
16 silly audit   '@next/swc-linux-x64-musl': [ '14.2.28' ],
16 silly audit   '@next/swc-win32-arm64-msvc': [ '14.2.28' ],
16 silly audit   '@next/swc-win32-ia32-msvc': [ '14.2.28' ],
16 silly audit   '@next/swc-win32-x64-msvc': [ '14.2.28' ],
16 silly audit   '@nodelib/fs.scandir': [ '2.1.5' ],
16 silly audit   '@nodelib/fs.stat': [ '2.0.5' ],
16 silly audit   '@nodelib/fs.walk': [ '1.2.8' ],
16 silly audit   '@pkgjs/parseargs': [ '0.11.0' ],
16 silly audit   '@swc/counter': [ '0.1.3' ],
16 silly audit   '@swc/helpers': [ '0.5.5' ],
16 silly audit   '@types/node': [ '20.10.4' ],
16 silly audit   '@types/prop-types': [ '15.7.14' ],
16 silly audit   '@types/react': [ '18.2.45' ],
16 silly audit   '@types/react-dom': [ '18.2.17' ],
16 silly audit   '@types/scheduler': [ '0.26.0' ],
16 silly audit   'ansi-regex': [ '6.1.0', '5.0.1' ],
16 silly audit   'ansi-styles': [ '6.2.1', '4.3.0' ],
16 silly audit   'any-promise': [ '1.3.0' ],
16 silly audit   anymatch: [ '3.1.3' ],
16 silly audit   arg: [ '5.0.2' ],
16 silly audit   autoprefixer: [ '10.4.16' ],
16 silly audit   'balanced-match': [ '1.0.2' ],
16 silly audit   'binary-extensions': [ '2.3.0' ],
16 silly audit   'brace-expansion': [ '2.0.1' ],
16 silly audit   braces: [ '3.0.3' ],
16 silly audit   browserslist: [ '4.24.4' ],
16 silly audit   busboy: [ '1.6.0' ],
16 silly audit   'camelcase-css': [ '2.0.1' ],
16 silly audit   'caniuse-lite': [ '1.0.30001713' ],
16 silly audit   chokidar: [ '3.6.0' ],
16 silly audit   'glob-parent': [ '5.1.2', '6.0.2' ],
16 silly audit   'class-variance-authority': [ '0.7.0' ],
16 silly audit   'client-only': [ '0.0.1' ],
16 silly audit   clsx: [ '2.0.0' ],
16 silly audit   'color-convert': [ '2.0.1' ],
16 silly audit   'color-name': [ '1.1.4' ],
16 silly audit   commander: [ '4.1.1' ],
16 silly audit   'cross-spawn': [ '7.0.6' ],
16 silly audit   cssesc: [ '3.0.0' ],
16 silly audit   csstype: [ '3.1.3' ],
16 silly audit   didyoumean: [ '1.2.2' ],
16 silly audit   dlv: [ '1.1.3' ],
16 silly audit   eastasianwidth: [ '0.2.0' ],
16 silly audit   'electron-to-chromium': [ '1.5.137' ],
16 silly audit   'emoji-regex': [ '9.2.2', '8.0.0' ],
16 silly audit   escalade: [ '3.2.0' ],
16 silly audit   'fast-glob': [ '3.3.3' ],
16 silly audit   fastq: [ '1.19.1' ],
16 silly audit   'fill-range': [ '7.1.1' ],
16 silly audit   'foreground-child': [ '3.3.1' ],
16 silly audit   'fraction.js': [ '4.3.7' ],
16 silly audit   'framer-motion': [ '12.7.2' ],
16 silly audit   fsevents: [ '2.3.3' ],
16 silly audit   'function-bind': [ '1.1.2' ],
16 silly audit   glob: [ '10.4.5' ],
16 silly audit   'graceful-fs': [ '4.2.11' ],
16 silly audit   hasown: [ '2.0.2' ],
16 silly audit   'is-binary-path': [ '2.1.0' ],
16 silly audit   'is-core-module': [ '2.16.1' ],
16 silly audit   'is-extglob': [ '2.1.1' ],
16 silly audit   'is-fullwidth-code-point': [ '3.0.0' ],
16 silly audit   'is-glob': [ '4.0.3' ],
16 silly audit   'is-number': [ '7.0.0' ],
16 silly audit   isexe: [ '2.0.0' ],
16 silly audit   jackspeak: [ '3.4.3' ],
16 silly audit   jiti: [ '1.21.7' ],
16 silly audit   'js-tokens': [ '4.0.0' ],
16 silly audit   lilconfig: [ '2.1.0', '3.1.3' ],
16 silly audit   'lines-and-columns': [ '1.2.4' ],
16 silly audit   'loose-envify': [ '1.4.0' ],
16 silly audit   'lru-cache': [ '10.4.3' ],
16 silly audit   'lucide-react': [ '0.294.0' ],
16 silly audit   merge2: [ '1.4.1' ],
16 silly audit   micromatch: [ '4.0.8' ],
16 silly audit   minimatch: [ '9.0.5' ],
16 silly audit   minipass: [ '7.1.2' ],
16 silly audit   'motion-dom': [ '12.7.2' ],
16 silly audit   'motion-utils': [ '12.7.2' ],
16 silly audit   mz: [ '2.7.0' ],
16 silly audit   nanoid: [ '3.3.11' ],
16 silly audit   next: [ '14.2.28' ],
16 silly audit   postcss: [ '8.4.31', '8.4.32' ],
16 silly audit   'node-releases': [ '2.0.19' ],
16 silly audit   'normalize-path': [ '3.0.0' ],
16 silly audit   'normalize-range': [ '0.1.2' ],
16 silly audit   'object-assign': [ '4.1.1' ],
16 silly audit   'object-hash': [ '3.0.0' ],
16 silly audit   'package-json-from-dist': [ '1.0.1' ],
16 silly audit   'path-key': [ '3.1.1' ],
16 silly audit   'path-parse': [ '1.0.7' ],
16 silly audit   'path-scurry': [ '1.11.1' ],
16 silly audit   picocolors: [ '1.1.1' ],
16 silly audit   picomatch: [ '2.3.1' ],
16 silly audit   pify: [ '2.3.0' ],
16 silly audit   pirates: [ '4.0.7' ],
16 silly audit   'postcss-import': [ '15.1.0' ],
16 silly audit   'postcss-js': [ '4.0.1' ],
16 silly audit   'postcss-nested': [ '6.2.0' ],
16 silly audit   'postcss-selector-parser': [ '6.1.2' ],
16 silly audit   'postcss-value-parser': [ '4.2.0' ],
16 silly audit   'queue-microtask': [ '1.2.3' ],
16 silly audit   react: [ '18.2.0' ],
16 silly audit   'react-dom': [ '18.2.0' ],
16 silly audit   'react-icons': [ '5.5.0' ],
16 silly audit   'read-cache': [ '1.0.0' ],
16 silly audit   readdirp: [ '3.6.0' ],
16 silly audit   'regenerator-runtime': [ '0.14.1' ],
16 silly audit   resolve: [ '1.22.10' ],
16 silly audit   reusify: [ '1.1.0' ],
16 silly audit   'run-parallel': [ '1.2.0' ],
16 silly audit   scheduler: [ '0.23.2' ],
16 silly audit   'shebang-command': [ '2.0.0' ],
16 silly audit   'shebang-regex': [ '3.0.0' ],
16 silly audit   'signal-exit': [ '4.1.0' ],
16 silly audit   'source-map-js': [ '1.2.1' ],
16 silly audit   streamsearch: [ '1.1.0' ],
16 silly audit   'string-width': [ '5.1.2', '4.2.3' ],
16 silly audit   'strip-ansi': [ '6.0.1', '7.1.0' ],
16 silly audit   'styled-jsx': [ '5.1.1' ],
16 silly audit   sucrase: [ '3.35.0' ],
16 silly audit   'supports-preserve-symlinks-flag': [ '1.0.0' ],
16 silly audit   'tailwind-merge': [ '2.1.0' ],
16 silly audit   tailwindcss: [ '3.3.6' ],
16 silly audit   'tailwindcss-animate': [ '1.0.7' ],
16 silly audit   'postcss-load-config': [ '4.0.2' ],
16 silly audit   thenify: [ '3.3.1' ],
16 silly audit   'thenify-all': [ '1.6.0' ],
16 silly audit   'to-regex-range': [ '5.0.1' ],
16 silly audit   'ts-interface-checker': [ '0.1.13' ],
16 silly audit   tslib: [ '2.8.1' ],
16 silly audit   typescript: [ '5.3.3' ],
16 silly audit   'undici-types': [ '5.26.5' ],
16 silly audit   'update-browserslist-db': [ '1.1.3' ],
16 silly audit   'util-deprecate': [ '1.0.2' ],
16 silly audit   which: [ '2.0.2' ],
16 silly audit   'wrap-ansi': [ '8.1.0', '7.0.0' ],
16 silly audit   yaml: [ '2.7.1' ]
16 silly audit }
17 verbose reify failed optional dependency C:\Users\rafae\OneDrive\Desktop\Rafael\Desenvolvimento\LandingPage Lompa\node_modules\fsevents
18 silly reify mark deleted [
18 silly reify   'C:\\Users\\rafae\\OneDrive\\Desktop\\Rafael\\Desenvolvimento\\LandingPage Lompa\\node_modules\\fsevents'
18 silly reify ]
19 verbose reify failed optional dependency C:\Users\rafae\OneDrive\Desktop\Rafael\Desenvolvimento\LandingPage Lompa\node_modules\@next\swc-win32-ia32-msvc
20 silly reify mark deleted [
20 silly reify   'C:\\Users\\rafae\\OneDrive\\Desktop\\Rafael\\Desenvolvimento\\LandingPage Lompa\\node_modules\\@next\\swc-win32-ia32-msvc'
20 silly reify ]
21 verbose reify failed optional dependency C:\Users\rafae\OneDrive\Desktop\Rafael\Desenvolvimento\LandingPage Lompa\node_modules\@next\swc-win32-arm64-msvc
22 silly reify mark deleted [
22 silly reify   'C:\\Users\\rafae\\OneDrive\\Desktop\\Rafael\\Desenvolvimento\\LandingPage Lompa\\node_modules\\@next\\swc-win32-arm64-msvc'
22 silly reify ]
23 verbose reify failed optional dependency C:\Users\rafae\OneDrive\Desktop\Rafael\Desenvolvimento\LandingPage Lompa\node_modules\@next\swc-linux-x64-musl
24 silly reify mark deleted [
24 silly reify   'C:\\Users\\rafae\\OneDrive\\Desktop\\Rafael\\Desenvolvimento\\LandingPage Lompa\\node_modules\\@next\\swc-linux-x64-musl'
24 silly reify ]
25 verbose reify failed optional dependency C:\Users\rafae\OneDrive\Desktop\Rafael\Desenvolvimento\LandingPage Lompa\node_modules\@next\swc-linux-x64-gnu
26 silly reify mark deleted [
26 silly reify   'C:\\Users\\rafae\\OneDrive\\Desktop\\Rafael\\Desenvolvimento\\LandingPage Lompa\\node_modules\\@next\\swc-linux-x64-gnu'
26 silly reify ]
27 verbose reify failed optional dependency C:\Users\rafae\OneDrive\Desktop\Rafael\Desenvolvimento\LandingPage Lompa\node_modules\@next\swc-linux-arm64-musl
28 silly reify mark deleted [
28 silly reify   'C:\\Users\\rafae\\OneDrive\\Desktop\\Rafael\\Desenvolvimento\\LandingPage Lompa\\node_modules\\@next\\swc-linux-arm64-musl'
28 silly reify ]
29 verbose reify failed optional dependency C:\Users\rafae\OneDrive\Desktop\Rafael\Desenvolvimento\LandingPage Lompa\node_modules\@next\swc-linux-arm64-gnu
30 silly reify mark deleted [
30 silly reify   'C:\\Users\\rafae\\OneDrive\\Desktop\\Rafael\\Desenvolvimento\\LandingPage Lompa\\node_modules\\@next\\swc-linux-arm64-gnu'
30 silly reify ]
31 verbose reify failed optional dependency C:\Users\rafae\OneDrive\Desktop\Rafael\Desenvolvimento\LandingPage Lompa\node_modules\@next\swc-darwin-x64
32 silly reify mark deleted [
32 silly reify   'C:\\Users\\rafae\\OneDrive\\Desktop\\Rafael\\Desenvolvimento\\LandingPage Lompa\\node_modules\\@next\\swc-darwin-x64'
32 silly reify ]
33 verbose reify failed optional dependency C:\Users\rafae\OneDrive\Desktop\Rafael\Desenvolvimento\LandingPage Lompa\node_modules\@next\swc-darwin-arm64
34 silly reify mark deleted [
34 silly reify   'C:\\Users\\rafae\\OneDrive\\Desktop\\Rafael\\Desenvolvimento\\LandingPage Lompa\\node_modules\\@next\\swc-darwin-arm64'
34 silly reify ]
35 http fetch POST 200 https://registry.npmjs.org/-/npm/v1/security/advisories/bulk 379ms
36 silly audit report {}
37 silly ADD
38 silly ADD
39 silly ADD
40 silly ADD
41 silly ADD
42 silly ADD
43 silly ADD
44 silly ADD
45 silly ADD
46 verbose cwd C:\Users\rafae\OneDrive\Desktop\Rafael\Desenvolvimento\LandingPage Lompa
47 verbose os Windows_NT 10.0.26100
48 verbose node v22.14.0
49 verbose npm  v10.9.2
50 verbose exit 0
51 info ok
