0 verbose cli C:\Program Files\nodejs\node.exe C:\Program Files\nodejs\node_modules\npm\bin\npm-cli.js
1 info using npm@10.9.2
2 info using node@v22.14.0
3 silly config load:file:C:\Program Files\nodejs\node_modules\npm\npmrc
4 silly config load:file:C:\Users\rafae\OneDrive\Desktop\Rafael\Desenvolvimento\LandingPage Lompa\.npmrc
5 silly config load:file:C:\Users\rafae\.npmrc
6 silly config load:file:C:\Users\rafae\AppData\Roaming\npm\etc\npmrc
7 verbose title npm cache clean
8 verbose argv "cache" "clean" "--force"
9 verbose logfile logs-max:10 dir:C:\Users\rafae\OneDrive\Desktop\Rafael\Desenvolvimento\LandingPage Lompa\.npm\_logs\2025-04-14T23_18_08_467Z-
10 verbose logfile C:\Users\rafae\OneDrive\Desktop\Rafael\Desenvolvimento\LandingPage Lompa\.npm\_logs\2025-04-14T23_18_08_467Z-debug-0.log
11 warn using --force Recommended protections disabled.
12 silly logfile start cleaning logs, removing 1 files
13 silly logfile done cleaning log files
14 verbose cwd C:\Users\rafae\OneDrive\Desktop\Rafael\Desenvolvimento\LandingPage Lompa
15 verbose os Windows_NT 10.0.26100
16 verbose node v22.14.0
17 verbose npm  v10.9.2
18 verbose exit 0
19 info ok
