[2025-04-14T20:48:32.649Z] [STDOUT] 
> nextjs-shadcn@0.1.0 dev:stable
> next dev


[2025-04-14T20:48:33.436Z] [STDOUT]   ▲ Next.js 14.2.28

[2025-04-14T20:48:33.436Z] [STDOUT]   - Local:        http://localhost:3006
  - Environments: .env.local, .env
  - Experiments (use with caution):
    · turbo

 ✓ Starting...

[2025-04-14T20:48:34.058Z] [STDERR]     [webpack.cache.PackFileCacheStrategy] No pack exists at C:\Users\rafae\OneDrive\Desktop\Rafael\Desenvolvimento\LandingPage Lompa\.next\cache\webpack\client-development.pack.gz: Error: ENOENT: no such file or directory, stat 'C:\Users\rafae\OneDrive\Desktop\Rafael\Desenvolvimento\LandingPage Lompa\.next\cache\webpack\client-development\index.pack.gz'

[2025-04-14T20:48:34.060Z] [STDERR] <t> [webpack.cache.PackFileCacheStrategy] restore cache container: 27.3402 ms
    [webpack.cache.PackFileCacheStrategy] No pack exists at C:\Users\rafae\OneDrive\Desktop\Rafael\Desenvolvimento\LandingPage Lompa\.next\cache\webpack\server-development.pack.gz: Error: ENOENT: no such file or directory, stat 'C:\Users\rafae\OneDrive\Desktop\Rafael\Desenvolvimento\LandingPage Lompa\.next\cache\webpack\server-development\index.pack.gz'
<t> [webpack.cache.PackFileCacheStrategy] restore cache container: 24.1355 ms
    [webpack.cache.PackFileCacheStrategy] No pack exists at C:\Users\rafae\OneDrive\Desktop\Rafael\Desenvolvimento\LandingPage Lompa\.next\cache\webpack\edge-server-development.pack.gz: Error: ENOENT: no such file or directory, stat 'C:\Users\rafae\OneDrive\Desktop\Rafael\Desenvolvimento\LandingPage Lompa\.next\cache\webpack\edge-server-development\index.pack.gz'
<t> [webpack.cache.PackFileCacheStrategy] restore cache container: 23.0185 ms

[2025-04-14T20:48:34.074Z] [STDERR]     [IdleFileCachePlugin] Initial cache was generated and cache will be persisted in 5s.

[2025-04-14T20:48:34.088Z] [STDERR]     [IdleFileCachePlugin] Initial cache was generated and cache will be persisted in 5s.

[2025-04-14T20:48:34.096Z] [STDERR]     [IdleFileCachePlugin] Initial cache was generated and cache will be persisted in 5s.

[2025-04-14T20:48:34.336Z] [STDERR]     [IdleFileCachePlugin] Initial cache was generated and cache will be persisted in 5s.

[2025-04-14T20:48:34.413Z] [STDOUT]  ✓ Ready in 1076ms

[2025-04-14T20:48:34.417Z] [STDERR]     [IdleFileCachePlugin] Initial cache was generated and cache will be persisted in 5s.

[2025-04-14T20:48:34.434Z] [STDERR]     [IdleFileCachePlugin] Initial cache was generated and cache will be persisted in 5s.

[2025-04-14T20:48:35.340Z] [STDERR]     [webpack.cache.PackFileCacheStrategy] Pack got invalid because of write to: CopyFilePlugin|C:\Users\rafae\OneDrive\Desktop\Rafael\Desenvolvimento\LandingPage Lompa\node_modules\next\dist\build\polyfills\polyfill-nomodule.js

[2025-04-14T20:48:35.350Z] [STDERR]     [webpack.cache.PackFileCacheStrategy] Storing pack...

[2025-04-14T20:48:35.351Z] [STDERR]     [webpack.cache.PackFileCacheStrategy] Capturing build dependencies... (C:\Users\rafae\OneDrive\Desktop\Rafael\Desenvolvimento\LandingPage Lompa\next.config.js, C:\Users\rafae\OneDrive\Desktop\Rafael\Desenvolvimento\LandingPage Lompa\node_modules\next\dist\compiled\)

[2025-04-14T20:48:35.375Z] [STDERR] <t> [webpack.cache.PackFileCacheStrategy] resolve build dependencies: 25.2349 ms

[2025-04-14T20:48:35.382Z] [STDERR] <t> [webpack.cache.PackFileCacheStrategy] snapshot build dependencies: 6.0271 ms
    [webpack.cache.PackFileCacheStrategy] Captured build dependencies

[2025-04-14T20:48:35.384Z] [STDERR]     [webpack.cache.PackFileCacheStrategy] 1 fresh items in cache put into pack 0

[2025-04-14T20:48:35.401Z] [STDERR] <t> [webpack.cache.PackFileCacheStrategy] store pack: 19.0015 ms

[2025-04-14T20:48:35.401Z] [STDERR]     [webpack.cache.PackFileCacheStrategy] Stored pack (1 items, 1 files, 0 MiB)

[2025-04-14T20:49:14.527Z] [STDOUT]  ○ Compiling / ...

[2025-04-14T20:49:16.178Z] [STDERR]     [IdleFileCachePlugin] Spend 2.152s in build and 0s in average in cache store. This is considered as large change and cache will be persisted in 1s.

[2025-04-14T20:49:16.199Z] [STDERR] <t> [webpack.cache.PackFileCacheStrategy] restore cache container: 11.0247 ms

[2025-04-14T20:49:16.202Z] [STDERR] <t> [webpack.cache.PackFileCacheStrategy] check build dependencies: 2.1212 ms

[2025-04-14T20:49:16.204Z] [STDERR] <t> [webpack.cache.PackFileCacheStrategy] restore cache content metadata: 1.5566 ms

[2025-04-14T20:49:17.187Z] [STDERR]     [webpack.cache.PackFileCacheStrategy] Pack got invalid because of write to: ResolverCachePlugin|normal|default|dependencyType=|esm|modules=[|0=|node_modules|]|fallback=|false|exportsFields=[|0=|exports|]|importsFields=[|0=|imports|]|conditionNames=[|0=|node|1=|import|]|descriptionFiles=[|0=|package.json|]|extensions=[|0=|.js|1=|.json|2=|.node|]|enforceExtensions=|false|symlinks=|true|mainFields=[|0=|main|]|mainFiles=[|0=|index|]|roots=[|]|fullySpecified=|true|preferRelative=|false|preferAbsolute=|false|restrictions=[|]|alias=|false|path=|C:\Users\rafae\OneDrive\Desktop\Rafael\Desenvolvimento\LandingPage Lompa|request=|next-app-loader?name=app%2Fpage&page=%2Fpage&appPaths=%2Fpage&pagePath=private-next-app-dir%2Fpage.tsx&appDir=C%3A%5CUsers%5Crafae%5COneDrive%5CDesktop%5CRafael%5CDesenvolvimento%5CLandingPage%20Lompa%5Csrc%5Capp&pageExtensions=tsx&pageExtensions=ts&pageExtensions=jsx&pageExtensions=js&rootDir=C%3A%5CUsers%5Crafae%5COneDrive%5CDesktop%5CRafael%5CDesenvolvimento%5CLandingPage%20Lompa&isDev=true&tsconfigPath=tsconfig.json&basePath=&assetPrefix=&nextConfigOutput=&preferredRegion=&middlewareConfig=e30%3D!

[2025-04-14T20:49:17.868Z] [STDOUT]  ✓ Compiled / in 3.8s (1313 modules)

[2025-04-14T20:49:17.869Z] [STDERR]     [IdleFileCachePlugin] Spend 1.686s in build and 0.053s in average in cache store. This is considered as large change and cache will be persisted in 1s.

[2025-04-14T20:49:18.235Z] [STDERR]     [webpack.cache.PackFileCacheStrategy] Storing pack...

[2025-04-14T20:49:18.236Z] [STDERR]     [webpack.cache.PackFileCacheStrategy] Capturing build dependencies... (C:\Users\rafae\OneDrive\Desktop\Rafael\Desenvolvimento\LandingPage Lompa\next.config.js, C:\Users\rafae\OneDrive\Desktop\Rafael\Desenvolvimento\LandingPage Lompa\node_modules\next\dist\compiled\, C:\Users\rafae\OneDrive\Desktop\Rafael\Desenvolvimento\LandingPage Lompa\node_modules\next\dist\build\webpack\loaders\next-app-loader.js, C:\Users\rafae\OneDrive\Desktop\Rafael\Desenvolvimento\LandingPage Lompa\node_modules\next\dist\build\webpack\loaders\next-flight-loader\index.js, C:\Users\rafae\OneDrive\Desktop\Rafael\Desenvolvimento\LandingPage Lompa\node_modules\next\dist\build\webpack\loaders\next-swc-loader.js, C:\Users\rafae\OneDrive\Desktop\Rafael\Desenvolvimento\LandingPage Lompa\node_modules\next\dist\build\webpack\loaders\next-flight-css-loader.js, C:\Users\rafae\OneDrive\Desktop\Rafael\Desenvolvimento\LandingPage Lompa\node_modules\next\dist\build\webpack\loaders\css-loader\src\index.js, C:\Users\rafae\OneDrive\Desktop\Rafael\Desenvolvimento\LandingPage Lompa\node_modules\next\dist\build\webpack\loaders\next-font-loader\index.js, C:\Users\rafae\OneDrive\Desktop\Rafael\Desenvolvimento\LandingPage Lompa\node_modules\next\dist\build\webpack\loaders\next-flight-client-entry-loader.js, C:\Users\rafae\OneDrive\Desktop\Rafael\Desenvolvimento\LandingPage Lompa\node_modules\next\dist\build\webpack\loaders\next-flight-client-module-loader.js, C:\Users\rafae\OneDrive\Desktop\Rafael\Desenvolvimento\LandingPage Lompa\node_modules\next\dist\build\webpack\loaders\next-barrel-loader.js)

[2025-04-14T20:49:18.361Z] [STDOUT]  GET / 200 in 4346ms

[2025-04-14T20:49:18.480Z] [STDOUT]  ✓ Compiled in 590ms (661 modules)

[2025-04-14T20:49:18.481Z] [STDERR]     [IdleFileCachePlugin] Spend 2.106s in build and 0.053s in average in cache store. This is considered as large change and cache will be persisted in 1s.

[2025-04-14T20:49:18.924Z] [STDERR]     [webpack.cache.PackFileCacheStrategy/webpack.FileSystemInfo] Node.js doesn't offer a (nice) way to introspect the ESM dependency graph yet.
    Until a full solution is available webpack uses an experimental ESM tracking based on parsing.
    As best effort webpack parses the ESM files to guess dependencies. But this can lead to expensive and incorrect tracking.

[2025-04-14T20:49:19.463Z] [STDERR] <t> [webpack.cache.PackFileCacheStrategy] resolve build dependencies: 1227.2483 ms

[2025-04-14T20:49:19.481Z] [STDERR]     [webpack.cache.PackFileCacheStrategy] Pack got invalid because of write to: ResolverCachePlugin|loader|default|path=|C:\Users\rafae\OneDrive\Desktop\Rafael\Desenvolvimento\LandingPage Lompa|request=|next-flight-client-entry-loader

[2025-04-14T20:49:19.483Z] [STDERR] <t> [webpack.cache.PackFileCacheStrategy] snapshot build dependencies: 19.993 ms
    [webpack.cache.PackFileCacheStrategy] Captured build dependencies

[2025-04-14T20:49:19.492Z] [STDERR]     [webpack.cache.PackFileCacheStrategy] 4047 fresh items in cache put into pack 0

[2025-04-14T20:49:19.859Z] [STDERR]     [webpack.cache.PackFileCacheStrategy] Storing pack...

[2025-04-14T20:49:19.864Z] [STDERR]     [webpack.cache.PackFileCacheStrategy] Capturing build dependencies... (C:\Users\rafae\OneDrive\Desktop\Rafael\Desenvolvimento\LandingPage Lompa\node_modules\next\dist\build\webpack\loaders\next-flight-client-module-loader.js, C:\Users\rafae\OneDrive\Desktop\Rafael\Desenvolvimento\LandingPage Lompa\node_modules\next\dist\build\webpack\loaders\next-swc-loader.js, C:\Users\rafae\OneDrive\Desktop\Rafael\Desenvolvimento\LandingPage Lompa\node_modules\next\dist\compiled\@next\react-refresh-utils\dist\loader.js, C:\Users\rafae\OneDrive\Desktop\Rafael\Desenvolvimento\LandingPage Lompa\node_modules\next\dist\build\webpack\loaders\next-flight-client-entry-loader.js, C:\Users\rafae\OneDrive\Desktop\Rafael\Desenvolvimento\LandingPage Lompa\node_modules\next\dist\build\webpack\loaders\css-loader\src\index.js, C:\Users\rafae\OneDrive\Desktop\Rafael\Desenvolvimento\LandingPage Lompa\node_modules\next\dist\build\webpack\loaders\next-font-loader\index.js, C:\Users\rafae\OneDrive\Desktop\Rafael\Desenvolvimento\LandingPage Lompa\node_modules\next\dist\compiled\mini-css-extract-plugin\loader.js, C:\Users\rafae\OneDrive\Desktop\Rafael\Desenvolvimento\LandingPage Lompa\node_modules\next\dist\build\webpack\loaders\postcss-loader\src\index.js, C:\Users\rafae\OneDrive\Desktop\Rafael\Desenvolvimento\LandingPage Lompa\node_modules\next\dist\build\webpack\loaders\next-flight-css-loader.js, C:\Users\rafae\OneDrive\Desktop\Rafael\Desenvolvimento\LandingPage Lompa\node_modules\next\dist\build\webpack\loaders\next-barrel-loader.js)

[2025-04-14T20:49:20.195Z] [STDERR]     [webpack.cache.PackFileCacheStrategy/webpack.FileSystemInfo] Node.js doesn't offer a (nice) way to introspect the ESM dependency graph yet.
    Until a full solution is available webpack uses an experimental ESM tracking based on parsing.
    As best effort webpack parses the ESM files to guess dependencies. But this can lead to expensive and incorrect tracking.

[2025-04-14T20:49:20.849Z] [STDERR] <t> [webpack.cache.PackFileCacheStrategy] resolve build dependencies: 985.1999 ms

[2025-04-14T20:49:20.863Z] [STDERR] <t> [webpack.cache.PackFileCacheStrategy] snapshot build dependencies: 13.9042 ms
    [webpack.cache.PackFileCacheStrategy] Captured build dependencies

[2025-04-14T20:49:20.869Z] [STDERR]     [webpack.cache.PackFileCacheStrategy] 2850 fresh items in cache put into pack 1

[2025-04-14T20:49:21.441Z] [STDERR] <t> [webpack.cache.PackFileCacheStrategy] store pack: 1958.1197 ms

[2025-04-14T20:49:21.442Z] [STDERR]     [webpack.cache.PackFileCacheStrategy] Stored pack (4047 items, 1 files, 57 MiB)

[2025-04-14T20:49:21.846Z] [STDERR] <t> [webpack.cache.PackFileCacheStrategy] store pack: 982.5631 ms

[2025-04-14T20:49:21.846Z] [STDERR]     [webpack.cache.PackFileCacheStrategy] Stored pack (2851 items, 2 files, 86 MiB)

