[2025-04-14T21:00:48.772Z] > nextjs-shadcn@0.1.0 dev
> npm run dev:stable
[2025-04-14T21:00:49.206Z] > nextjs-shadcn@0.1.0 dev:stable
> next dev
[2025-04-14T21:00:49.925Z] ERROR: ⨯ Failed to start server
[2025-04-14T21:00:49.926Z] ERROR: Error: listen EADDRINUSE: address already in use :::3006
    at Server.setupListenHandle [as _listen2] (node:net:1937:16)
    at listenInCluster (node:net:1994:12)
    at Server.listen (node:net:2099:7)
    at C:\Users\rafae\OneDrive\Desktop\Rafael\Desenvolvimento\LandingPage Lompa\node_modules\next\dist\server\lib\start-server.js:280:16
    at new Promise (<anonymous>)
    at startServer (C:\Users\rafae\OneDrive\Desktop\Rafael\Desenvolvimento\LandingPage Lompa\node_modules\next\dist\server\lib\start-server.js:191:11)
    at C:\Users\rafae\OneDrive\Desktop\Rafael\Desenvolvimento\LandingPage Lompa\node_modules\next\dist\server\lib\start-server.js:310:52
    at Span.traceAsyncFn (C:\Users\rafae\OneDrive\Desktop\Rafael\Desenvolvimento\LandingPage Lompa\node_modules\next\dist\trace\trace.js:154:26)
    at process.<anonymous> (C:\Users\rafae\OneDrive\Desktop\Rafael\Desenvolvimento\LandingPage Lompa\node_modules\next\dist\server\lib\start-server.js:310:35)
    at process.emit (node:events:518:28) {
  code: 'EADDRINUSE',
  errno: -4091,
  syscall: 'listen',
  address: '::',
  port: 3006
}
[2025-04-14T21:00:49.938Z] [?25h
[2025-04-14T21:00:49.939Z] 
[2025-04-14T21:00:50.192Z] Servidor encerrado com código 0
