[2025-04-14T20:53:49.433Z] [STDOUT] > nextjs-shadcn@0.1.0 dev
> npm run dev:stable
[2025-04-14T20:53:49.857Z] [STDOUT] > nextjs-shadcn@0.1.0 dev:stable
> next dev
[2025-04-14T20:53:50.643Z] [STDOUT] [1m[38;2;173;127;168m▲ Next.js 14.2.28[39m[22m
[2025-04-14T20:53:50.643Z] [STDOUT] - Local:        http://localhost:3006
  - Environments: .env.local, .env
  - Experiments (use with caution):
    · turbo

 [32m[1m✓[22m[39m Starting...
[2025-04-14T20:53:51.303Z] [STDERR] [IdleFileCachePlugin] Initial cache was generated and cache will be persisted in 5s.
[2025-04-14T20:53:51.316Z] [STDERR] [IdleFileCachePlugin] Initial cache was generated and cache will be persisted in 5s.
[2025-04-14T20:53:51.324Z] [STDERR] [IdleFileCachePlugin] Initial cache was generated and cache will be persisted in 5s.
[2025-04-14T20:53:51.549Z] [STDERR] [IdleFileCachePlugin] Initial cache was generated and cache will be persisted in 5s.
[2025-04-14T20:53:51.616Z] [STDOUT] [32m[1m✓[22m[39m Ready in 1072ms
[2025-04-14T20:53:51.618Z] [STDERR] [IdleFileCachePlugin] Initial cache was generated and cache will be persisted in 5s.
[2025-04-14T20:53:51.625Z] [STDERR] [IdleFileCachePlugin] Initial cache was generated and cache will be persisted in 5s.
[2025-04-14T20:53:55.147Z] [STDOUT] [37m[1m○[22m[39m Compiling / ...
[2025-04-14T20:53:56.983Z] [STDERR] [IdleFileCachePlugin] Spend 2.34s in build and 0s in average in cache store. This is considered as large change and cache will be persisted in 1s.
[2025-04-14T20:53:58.601Z] [STDOUT] [32m[1m✓[22m[39m Compiled / in 4s (1313 modules)
[2025-04-14T20:53:58.602Z] [STDERR] [IdleFileCachePlugin] Spend 1.614s in build and 0.051s in average in cache store. This is considered as large change and cache will be persisted in 1s.
[2025-04-14T20:53:59.103Z] [STDOUT] GET / [32m200[39m in 4469ms
[2025-04-14T20:53:59.212Z] [STDOUT] [32m[1m✓[22m[39m Compiled in 594ms (661 modules)
[2025-04-14T20:53:59.214Z] [STDERR] [IdleFileCachePlugin] Spend 2.046s in build and 0.051s in average in cache store. This is considered as large change and cache will be persisted in 1s.
