[2025-04-14T20:49:45.133Z] [STDOUT] 
> nextjs-shadcn@0.1.0 dev:stable
> next dev


[2025-04-14T20:49:46.148Z] [STDOUT]   ▲ Next.js 14.2.28

[2025-04-14T20:49:46.148Z] [STDOUT]   - Local:        http://localhost:3006
  - Environments: .env.local, .env
  - Experiments (use with caution):
    · turbo

 ✓ Starting...

[2025-04-14T20:49:46.946Z] [STDERR]     [webpack.cache.PackFileCacheStrategy] No pack exists at C:\Users\rafae\OneDrive\Desktop\Rafael\Desenvolvimento\LandingPage Lompa\.next\cache\webpack\client-development.pack.gz: Error: ENOENT: no such file or directory, stat 'C:\Users\rafae\OneDrive\Desktop\Rafael\Desenvolvimento\LandingPage Lompa\.next\cache\webpack\client-development\index.pack.gz'

[2025-04-14T20:49:46.949Z] [STDERR] <t> [webpack.cache.PackFileCacheStrategy] restore cache container: 33.2147 ms
    [webpack.cache.PackFileCacheStrategy] No pack exists at C:\Users\rafae\OneDrive\Desktop\Rafael\Desenvolvimento\LandingPage Lompa\.next\cache\webpack\server-development.pack.gz: Error: ENOENT: no such file or directory, stat 'C:\Users\rafae\OneDrive\Desktop\Rafael\Desenvolvimento\LandingPage Lompa\.next\cache\webpack\server-development\index.pack.gz'
<t> [webpack.cache.PackFileCacheStrategy] restore cache container: 28.5216 ms
    [webpack.cache.PackFileCacheStrategy] No pack exists at C:\Users\rafae\OneDrive\Desktop\Rafael\Desenvolvimento\LandingPage Lompa\.next\cache\webpack\edge-server-development.pack.gz: Error: ENOENT: no such file or directory, stat 'C:\Users\rafae\OneDrive\Desktop\Rafael\Desenvolvimento\LandingPage Lompa\.next\cache\webpack\edge-server-development\index.pack.gz'
<t> [webpack.cache.PackFileCacheStrategy] restore cache container: 27.188 ms

[2025-04-14T20:49:46.984Z] [STDERR]     [IdleFileCachePlugin] Initial cache was generated and cache will be persisted in 5s.

[2025-04-14T20:49:47.017Z] [STDERR]     [IdleFileCachePlugin] Initial cache was generated and cache will be persisted in 5s.

[2025-04-14T20:49:47.027Z] [STDERR]     [IdleFileCachePlugin] Initial cache was generated and cache will be persisted in 5s.

[2025-04-14T20:49:47.351Z] [STDERR]     [IdleFileCachePlugin] Initial cache was generated and cache will be persisted in 5s.

[2025-04-14T20:49:47.359Z] [STDOUT]  ✓ Ready in 1327ms

[2025-04-14T20:49:47.364Z] [STDERR]     [IdleFileCachePlugin] Initial cache was generated and cache will be persisted in 5s.

[2025-04-14T20:49:47.381Z] [STDERR]     [IdleFileCachePlugin] Initial cache was generated and cache will be persisted in 5s.

[2025-04-14T20:49:48.360Z] [STDERR]     [webpack.cache.PackFileCacheStrategy] Pack got invalid because of write to: CopyFilePlugin|C:\Users\rafae\OneDrive\Desktop\Rafael\Desenvolvimento\LandingPage Lompa\node_modules\next\dist\build\polyfills\polyfill-nomodule.js

[2025-04-14T20:49:48.370Z] [STDERR]     [webpack.cache.PackFileCacheStrategy] Storing pack...

[2025-04-14T20:49:48.371Z] [STDERR]     [webpack.cache.PackFileCacheStrategy] Capturing build dependencies... (C:\Users\rafae\OneDrive\Desktop\Rafael\Desenvolvimento\LandingPage Lompa\next.config.js, C:\Users\rafae\OneDrive\Desktop\Rafael\Desenvolvimento\LandingPage Lompa\node_modules\next\dist\compiled\)

[2025-04-14T20:49:48.433Z] [STDERR] <t> [webpack.cache.PackFileCacheStrategy] resolve build dependencies: 62.063 ms

[2025-04-14T20:49:48.443Z] [STDERR] <t> [webpack.cache.PackFileCacheStrategy] snapshot build dependencies: 10.2432 ms

[2025-04-14T20:49:48.444Z] [STDERR]     [webpack.cache.PackFileCacheStrategy] Captured build dependencies

[2025-04-14T20:49:48.447Z] [STDERR]     [webpack.cache.PackFileCacheStrategy] 1 fresh items in cache put into pack 0

[2025-04-14T20:49:48.468Z] [STDERR] <t> [webpack.cache.PackFileCacheStrategy] store pack: 25.1601 ms

[2025-04-14T20:49:48.469Z] [STDERR]     [webpack.cache.PackFileCacheStrategy] Stored pack (1 items, 1 files, 0 MiB)

[2025-04-14T20:49:52.226Z] [STDOUT]  ○ Compiling / ...

[2025-04-14T20:49:54.440Z] [STDERR]     [IdleFileCachePlugin] Spend 2.717s in build and 0s in average in cache store. This is considered as large change and cache will be persisted in 1s.

[2025-04-14T20:49:54.466Z] [STDERR] <t> [webpack.cache.PackFileCacheStrategy] restore cache container: 12.9999 ms

[2025-04-14T20:49:54.468Z] [STDERR] <t> [webpack.cache.PackFileCacheStrategy] check build dependencies: 1.8983 ms

[2025-04-14T20:49:54.469Z] [STDERR] <t> [webpack.cache.PackFileCacheStrategy] restore cache content metadata: 0.8847 ms

[2025-04-14T20:49:55.459Z] [STDERR]     [webpack.cache.PackFileCacheStrategy] Pack got invalid because of write to: ResolverCachePlugin|normal|default|dependencyType=|esm|modules=[|0=|node_modules|]|fallback=|false|exportsFields=[|0=|exports|]|importsFields=[|0=|imports|]|conditionNames=[|0=|node|1=|import|]|descriptionFiles=[|0=|package.json|]|extensions=[|0=|.js|1=|.json|2=|.node|]|enforceExtensions=|false|symlinks=|true|mainFields=[|0=|main|]|mainFiles=[|0=|index|]|roots=[|]|fullySpecified=|true|preferRelative=|false|preferAbsolute=|false|restrictions=[|]|alias=|false|path=|C:\Users\rafae\OneDrive\Desktop\Rafael\Desenvolvimento\LandingPage Lompa|request=|next-app-loader?name=app%2Fpage&page=%2Fpage&appPaths=%2Fpage&pagePath=private-next-app-dir%2Fpage.tsx&appDir=C%3A%5CUsers%5Crafae%5COneDrive%5CDesktop%5CRafael%5CDesenvolvimento%5CLandingPage%20Lompa%5Csrc%5Capp&pageExtensions=tsx&pageExtensions=ts&pageExtensions=jsx&pageExtensions=js&rootDir=C%3A%5CUsers%5Crafae%5COneDrive%5CDesktop%5CRafael%5CDesenvolvimento%5CLandingPage%20Lompa&isDev=true&tsconfigPath=tsconfig.json&basePath=&assetPrefix=&nextConfigOutput=&preferredRegion=&middlewareConfig=e30%3D!

[2025-04-14T20:49:56.378Z] [STDERR]     [webpack.cache.PackFileCacheStrategy] Storing pack...

[2025-04-14T20:49:56.380Z] [STDERR]     [webpack.cache.PackFileCacheStrategy] Capturing build dependencies... (C:\Users\rafae\OneDrive\Desktop\Rafael\Desenvolvimento\LandingPage Lompa\next.config.js, C:\Users\rafae\OneDrive\Desktop\Rafael\Desenvolvimento\LandingPage Lompa\node_modules\next\dist\compiled\, C:\Users\rafae\OneDrive\Desktop\Rafael\Desenvolvimento\LandingPage Lompa\node_modules\next\dist\build\webpack\loaders\next-app-loader.js, C:\Users\rafae\OneDrive\Desktop\Rafael\Desenvolvimento\LandingPage Lompa\node_modules\next\dist\build\webpack\loaders\next-flight-loader\index.js, C:\Users\rafae\OneDrive\Desktop\Rafael\Desenvolvimento\LandingPage Lompa\node_modules\next\dist\build\webpack\loaders\next-swc-loader.js, C:\Users\rafae\OneDrive\Desktop\Rafael\Desenvolvimento\LandingPage Lompa\node_modules\next\dist\build\webpack\loaders\next-flight-css-loader.js, C:\Users\rafae\OneDrive\Desktop\Rafael\Desenvolvimento\LandingPage Lompa\node_modules\next\dist\build\webpack\loaders\css-loader\src\index.js, C:\Users\rafae\OneDrive\Desktop\Rafael\Desenvolvimento\LandingPage Lompa\node_modules\next\dist\build\webpack\loaders\next-font-loader\index.js, C:\Users\rafae\OneDrive\Desktop\Rafael\Desenvolvimento\LandingPage Lompa\node_modules\next\dist\build\webpack\loaders\next-flight-client-entry-loader.js, C:\Users\rafae\OneDrive\Desktop\Rafael\Desenvolvimento\LandingPage Lompa\node_modules\next\dist\build\webpack\loaders\next-flight-client-module-loader.js, C:\Users\rafae\OneDrive\Desktop\Rafael\Desenvolvimento\LandingPage Lompa\node_modules\next\dist\build\webpack\loaders\next-barrel-loader.js)

[2025-04-14T20:49:56.389Z] [STDOUT]  ✓ Compiled / in 4.7s (1313 modules)

[2025-04-14T20:49:56.391Z] [STDERR]     [IdleFileCachePlugin] Spend 1.947s in build and 0.1s in average in cache store. This is considered as large change and cache will be persisted in 1s.

[2025-04-14T20:49:56.854Z] [STDOUT]  GET / 200 in 5142ms

[2025-04-14T20:49:56.952Z] [STDOUT]  ✓ Compiled in 547ms (661 modules)

[2025-04-14T20:49:56.953Z] [STDERR]     [IdleFileCachePlugin] Spend 2.299s in build and 0.1s in average in cache store. This is considered as large change and cache will be persisted in 1s.

[2025-04-14T20:49:57.349Z] [STDERR]     [webpack.cache.PackFileCacheStrategy/webpack.FileSystemInfo] Node.js doesn't offer a (nice) way to introspect the ESM dependency graph yet.
    Until a full solution is available webpack uses an experimental ESM tracking based on parsing.
    As best effort webpack parses the ESM files to guess dependencies. But this can lead to expensive and incorrect tracking.

[2025-04-14T20:49:57.953Z] [STDERR]     [webpack.cache.PackFileCacheStrategy] Pack got invalid because of write to: ResolverCachePlugin|loader|default|path=|C:\Users\rafae\OneDrive\Desktop\Rafael\Desenvolvimento\LandingPage Lompa|request=|next-flight-client-entry-loader

[2025-04-14T20:49:57.986Z] [STDERR]     [webpack.cache.PackFileCacheStrategy] Storing pack...

[2025-04-14T20:49:57.986Z] [STDERR]     [webpack.cache.PackFileCacheStrategy] Capturing build dependencies... (C:\Users\rafae\OneDrive\Desktop\Rafael\Desenvolvimento\LandingPage Lompa\node_modules\next\dist\build\webpack\loaders\next-flight-client-module-loader.js, C:\Users\rafae\OneDrive\Desktop\Rafael\Desenvolvimento\LandingPage Lompa\node_modules\next\dist\build\webpack\loaders\next-swc-loader.js, C:\Users\rafae\OneDrive\Desktop\Rafael\Desenvolvimento\LandingPage Lompa\node_modules\next\dist\compiled\@next\react-refresh-utils\dist\loader.js, C:\Users\rafae\OneDrive\Desktop\Rafael\Desenvolvimento\LandingPage Lompa\node_modules\next\dist\build\webpack\loaders\next-flight-client-entry-loader.js, C:\Users\rafae\OneDrive\Desktop\Rafael\Desenvolvimento\LandingPage Lompa\node_modules\next\dist\build\webpack\loaders\css-loader\src\index.js, C:\Users\rafae\OneDrive\Desktop\Rafael\Desenvolvimento\LandingPage Lompa\node_modules\next\dist\build\webpack\loaders\next-font-loader\index.js, C:\Users\rafae\OneDrive\Desktop\Rafael\Desenvolvimento\LandingPage Lompa\node_modules\next\dist\compiled\mini-css-extract-plugin\loader.js, C:\Users\rafae\OneDrive\Desktop\Rafael\Desenvolvimento\LandingPage Lompa\node_modules\next\dist\build\webpack\loaders\postcss-loader\src\index.js, C:\Users\rafae\OneDrive\Desktop\Rafael\Desenvolvimento\LandingPage Lompa\node_modules\next\dist\build\webpack\loaders\next-flight-css-loader.js, C:\Users\rafae\OneDrive\Desktop\Rafael\Desenvolvimento\LandingPage Lompa\node_modules\next\dist\build\webpack\loaders\next-barrel-loader.js)

[2025-04-14T20:49:58.074Z] [STDERR] <t> [webpack.cache.PackFileCacheStrategy] resolve build dependencies: 1694.1661 ms

[2025-04-14T20:49:58.105Z] [STDERR] <t> [webpack.cache.PackFileCacheStrategy] snapshot build dependencies: 31.8028 ms
    [webpack.cache.PackFileCacheStrategy] Captured build dependencies

[2025-04-14T20:49:58.116Z] [STDERR]     [webpack.cache.PackFileCacheStrategy] 4047 fresh items in cache put into pack 0

[2025-04-14T20:49:58.536Z] [STDERR]     [webpack.cache.PackFileCacheStrategy/webpack.FileSystemInfo] Node.js doesn't offer a (nice) way to introspect the ESM dependency graph yet.
    Until a full solution is available webpack uses an experimental ESM tracking based on parsing.
    As best effort webpack parses the ESM files to guess dependencies. But this can lead to expensive and incorrect tracking.

[2025-04-14T20:49:59.324Z] [STDERR] <t> [webpack.cache.PackFileCacheStrategy] resolve build dependencies: 1337.5705 ms

[2025-04-14T20:49:59.337Z] [STDERR] <t> [webpack.cache.PackFileCacheStrategy] snapshot build dependencies: 13.6441 ms
    [webpack.cache.PackFileCacheStrategy] Captured build dependencies

[2025-04-14T20:49:59.342Z] [STDERR]     [webpack.cache.PackFileCacheStrategy] 2850 fresh items in cache put into pack 1

[2025-04-14T20:50:00.053Z] [STDERR] <t> [webpack.cache.PackFileCacheStrategy] store pack: 1947.2974 ms

[2025-04-14T20:50:00.054Z] [STDERR]     [webpack.cache.PackFileCacheStrategy] Stored pack (4047 items, 1 files, 57 MiB)

[2025-04-14T20:50:00.551Z] [STDERR] <t> [webpack.cache.PackFileCacheStrategy] store pack: 1213.0342 ms

[2025-04-14T20:50:00.552Z] [STDERR]     [webpack.cache.PackFileCacheStrategy] Stored pack (2851 items, 2 files, 86 MiB)

